Connecting to database specified by database.yml
  [1m[36m (0.1ms)[0m  [1mselect sqlite_version(*)[0m
  [1m[35m (48.7ms)[0m  CREATE TABLE "schema_migrations" ("version" varchar(255) NOT NULL) 
  [1m[36m (8.2ms)[0m  [1mCREATE UNIQUE INDEX "unique_schema_migrations" ON "schema_migrations" ("version")[0m
  [1m[35m (2.1ms)[0m  SELECT "schema_migrations"."version" FROM "schema_migrations" 
Migrating to CreateMovies (20111119180638)
  [1m[36m (0.0ms)[0m  [1mbegin transaction[0m
  [1m[35m (0.5ms)[0m  CREATE TABLE "movies" ("id" INTEGER PRIMARY KEY AUTOINCREMENT NOT NULL, "title" varchar(255), "rating" varchar(255), "description" text, "release_date" datetime, "created_at" datetime NOT NULL, "updated_at" datetime NOT NULL) 
  [1m[36m (0.1ms)[0m  [1mINSERT INTO "schema_migrations" ("version") VALUES ('20111119180638')[0m
  [1m[35m (9.3ms)[0m  commit transaction
  [1m[36m (0.1ms)[0m  [1mSELECT "schema_migrations"."version" FROM "schema_migrations" [0m
Connecting to database specified by database.yml
  [1m[36m (1.5ms)[0m  [1mSELECT "schema_migrations"."version" FROM "schema_migrations" [0m
  [1m[35m (0.1ms)[0m  begin transaction
  [1m[36mSQL (8.7ms)[0m  [1mINSERT INTO "movies" ("created_at", "description", "rating", "release_date", "title", "updated_at") VALUES (?, ?, ?, ?, ?, ?)[0m  [["created_at", Thu, 19 Mar 2015 16:33:07 UTC +00:00], ["description", nil], ["rating", "G"], ["release_date", Wed, 25 Nov 1992 00:00:00 UTC +00:00], ["title", "Aladdin"], ["updated_at", Thu, 19 Mar 2015 16:33:07 UTC +00:00]]
  [1m[35m (47.5ms)[0m  commit transaction
  [1m[36m (0.1ms)[0m  [1mbegin transaction[0m
  [1m[35mSQL (0.4ms)[0m  INSERT INTO "movies" ("created_at", "description", "rating", "release_date", "title", "updated_at") VALUES (?, ?, ?, ?, ?, ?)  [["created_at", Thu, 19 Mar 2015 16:33:07 UTC +00:00], ["description", nil], ["rating", "R"], ["release_date", Fri, 26 Oct 1984 00:00:00 UTC +00:00], ["title", "The Terminator"], ["updated_at", Thu, 19 Mar 2015 16:33:07 UTC +00:00]]
  [1m[36m (8.6ms)[0m  [1mcommit transaction[0m
  [1m[35m (0.1ms)[0m  begin transaction
  [1m[36mSQL (0.3ms)[0m  [1mINSERT INTO "movies" ("created_at", "description", "rating", "release_date", "title", "updated_at") VALUES (?, ?, ?, ?, ?, ?)[0m  [["created_at", Thu, 19 Mar 2015 16:33:07 UTC +00:00], ["description", nil], ["rating", "R"], ["release_date", Fri, 21 Jul 1989 00:00:00 UTC +00:00], ["title", "When Harry Met Sally"], ["updated_at", Thu, 19 Mar 2015 16:33:07 UTC +00:00]]
  [1m[35m (8.3ms)[0m  commit transaction
  [1m[36m (0.1ms)[0m  [1mbegin transaction[0m
  [1m[35mSQL (0.3ms)[0m  INSERT INTO "movies" ("created_at", "description", "rating", "release_date", "title", "updated_at") VALUES (?, ?, ?, ?, ?, ?)  [["created_at", Thu, 19 Mar 2015 16:33:07 UTC +00:00], ["description", nil], ["rating", "PG-13"], ["release_date", Wed, 10 Aug 2011 00:00:00 UTC +00:00], ["title", "The Help"], ["updated_at", Thu, 19 Mar 2015 16:33:07 UTC +00:00]]
  [1m[36m (9.6ms)[0m  [1mcommit transaction[0m
  [1m[35m (0.1ms)[0m  begin transaction
  [1m[36mSQL (0.3ms)[0m  [1mINSERT INTO "movies" ("created_at", "description", "rating", "release_date", "title", "updated_at") VALUES (?, ?, ?, ?, ?, ?)[0m  [["created_at", Thu, 19 Mar 2015 16:33:07 UTC +00:00], ["description", nil], ["rating", "PG-13"], ["release_date", Fri, 05 Jan 2001 00:00:00 UTC +00:00], ["title", "Chocolat"], ["updated_at", Thu, 19 Mar 2015 16:33:07 UTC +00:00]]
  [1m[35m (7.9ms)[0m  commit transaction
  [1m[36m (0.1ms)[0m  [1mbegin transaction[0m
  [1m[35mSQL (0.3ms)[0m  INSERT INTO "movies" ("created_at", "description", "rating", "release_date", "title", "updated_at") VALUES (?, ?, ?, ?, ?, ?)  [["created_at", Thu, 19 Mar 2015 16:33:07 UTC +00:00], ["description", nil], ["rating", "R"], ["release_date", Wed, 25 Apr 2001 00:00:00 UTC +00:00], ["title", "Amelie"], ["updated_at", Thu, 19 Mar 2015 16:33:07 UTC +00:00]]
  [1m[36m (6.5ms)[0m  [1mcommit transaction[0m
  [1m[35m (0.1ms)[0m  begin transaction
  [1m[36mSQL (1.3ms)[0m  [1mINSERT INTO "movies" ("created_at", "description", "rating", "release_date", "title", "updated_at") VALUES (?, ?, ?, ?, ?, ?)[0m  [["created_at", Thu, 19 Mar 2015 16:33:07 UTC +00:00], ["description", nil], ["rating", "G"], ["release_date", Sat, 06 Apr 1968 00:00:00 UTC +00:00], ["title", "2001: A Space Odyssey"], ["updated_at", Thu, 19 Mar 2015 16:33:07 UTC +00:00]]
  [1m[35m (9.1ms)[0m  commit transaction
  [1m[36m (0.1ms)[0m  [1mbegin transaction[0m
  [1m[35mSQL (1.1ms)[0m  INSERT INTO "movies" ("created_at", "description", "rating", "release_date", "title", "updated_at") VALUES (?, ?, ?, ?, ?, ?)  [["created_at", Thu, 19 Mar 2015 16:33:07 UTC +00:00], ["description", nil], ["rating", "PG"], ["release_date", Fri, 05 Nov 2004 00:00:00 UTC +00:00], ["title", "The Incredibles"], ["updated_at", Thu, 19 Mar 2015 16:33:07 UTC +00:00]]
  [1m[36m (7.5ms)[0m  [1mcommit transaction[0m
  [1m[35m (0.1ms)[0m  begin transaction
  [1m[36mSQL (0.4ms)[0m  [1mINSERT INTO "movies" ("created_at", "description", "rating", "release_date", "title", "updated_at") VALUES (?, ?, ?, ?, ?, ?)[0m  [["created_at", Thu, 19 Mar 2015 16:33:07 UTC +00:00], ["description", nil], ["rating", "PG"], ["release_date", Fri, 12 Jun 1981 00:00:00 UTC +00:00], ["title", "Raiders of the Lost Ark"], ["updated_at", Thu, 19 Mar 2015 16:33:07 UTC +00:00]]
  [1m[35m (11.1ms)[0m  commit transaction
  [1m[36m (0.1ms)[0m  [1mbegin transaction[0m
  [1m[35mSQL (0.4ms)[0m  INSERT INTO "movies" ("created_at", "description", "rating", "release_date", "title", "updated_at") VALUES (?, ?, ?, ?, ?, ?)  [["created_at", Thu, 19 Mar 2015 16:33:07 UTC +00:00], ["description", nil], ["rating", "G"], ["release_date", Wed, 21 Jun 2000 00:00:00 UTC +00:00], ["title", "Chicken Run"], ["updated_at", Thu, 19 Mar 2015 16:33:07 UTC +00:00]]
  [1m[36m (6.7ms)[0m  [1mcommit transaction[0m


Started GET "/assets/rails.png" for 127.0.0.1 at 2015-03-19 13:41:31 -0300
Connecting to database specified by database.yml
Served asset /rails.png - 200 OK (54ms)


Started GET "/movies" for 127.0.0.1 at 2015-03-19 13:41:54 -0300
Processing by MoviesController#index as HTML
  [1m[36mMovie Load (0.2ms)[0m  [1mSELECT "movies".* FROM "movies" [0m
  Rendered movies/index.html.haml within layouts/application (47.8ms)
Compiled application.css  (0ms)  (pid 2927)
Compiled jquery.js  (1ms)  (pid 2927)
Compiled jquery_ujs.js  (0ms)  (pid 2927)
Compiled application.js  (70ms)  (pid 2927)
Completed 200 OK in 348.9ms (Views: 212.6ms | ActiveRecord: 3.7ms)


Started GET "/assets/application.css?body=1" for 127.0.0.1 at 2015-03-19 13:41:55 -0300
Served asset /application.css - 200 OK (67ms)


Started GET "/assets/application.js?body=1" for 127.0.0.1 at 2015-03-19 13:41:55 -0300
Served asset /application.js - 200 OK (5ms)


Started GET "/assets/jquery_ujs.js?body=1" for 127.0.0.1 at 2015-03-19 13:41:55 -0300
Served asset /jquery_ujs.js - 200 OK (1ms)


Started GET "/assets/jquery.js?body=1" for 127.0.0.1 at 2015-03-19 13:41:55 -0300
Served asset /jquery.js - 200 OK (2ms)
Connecting to database specified by database.yml
  [1m[36m (25.4ms)[0m  [1mSELECT "schema_migrations"."version" FROM "schema_migrations" [0m
Migrating to CreateMovies (20111119180638)
  [1m[35m (0.1ms)[0m  select sqlite_version(*)
  [1m[36m (0.1ms)[0m  [1mSELECT "schema_migrations"."version" FROM "schema_migrations" [0m
Connecting to database specified by database.yml
  [1m[36m (1.9ms)[0m  [1mSELECT "schema_migrations"."version" FROM "schema_migrations" [0m
  [1m[35m (0.1ms)[0m  begin transaction
  [1m[36mSQL (21.2ms)[0m  [1mINSERT INTO "movies" ("created_at", "description", "rating", "release_date", "title", "updated_at") VALUES (?, ?, ?, ?, ?, ?)[0m  [["created_at", Thu, 19 Mar 2015 17:11:22 UTC +00:00], ["description", nil], ["rating", "G"], ["release_date", Wed, 25 Nov 1992 00:00:00 UTC +00:00], ["title", "Aladdin"], ["updated_at", Thu, 19 Mar 2015 17:11:22 UTC +00:00]]
  [1m[35m (43.2ms)[0m  commit transaction
  [1m[36m (0.1ms)[0m  [1mbegin transaction[0m
  [1m[35mSQL (0.3ms)[0m  INSERT INTO "movies" ("created_at", "description", "rating", "release_date", "title", "updated_at") VALUES (?, ?, ?, ?, ?, ?)  [["created_at", Thu, 19 Mar 2015 17:11:22 UTC +00:00], ["description", nil], ["rating", "R"], ["release_date", Fri, 26 Oct 1984 00:00:00 UTC +00:00], ["title", "The Terminator"], ["updated_at", Thu, 19 Mar 2015 17:11:22 UTC +00:00]]
  [1m[36m (9.9ms)[0m  [1mcommit transaction[0m
  [1m[35m (0.1ms)[0m  begin transaction
  [1m[36mSQL (0.3ms)[0m  [1mINSERT INTO "movies" ("created_at", "description", "rating", "release_date", "title", "updated_at") VALUES (?, ?, ?, ?, ?, ?)[0m  [["created_at", Thu, 19 Mar 2015 17:11:22 UTC +00:00], ["description", nil], ["rating", "R"], ["release_date", Fri, 21 Jul 1989 00:00:00 UTC +00:00], ["title", "When Harry Met Sally"], ["updated_at", Thu, 19 Mar 2015 17:11:22 UTC +00:00]]
  [1m[35m (8.5ms)[0m  commit transaction
  [1m[36m (0.1ms)[0m  [1mbegin transaction[0m
  [1m[35mSQL (0.3ms)[0m  INSERT INTO "movies" ("created_at", "description", "rating", "release_date", "title", "updated_at") VALUES (?, ?, ?, ?, ?, ?)  [["created_at", Thu, 19 Mar 2015 17:11:22 UTC +00:00], ["description", nil], ["rating", "PG-13"], ["release_date", Wed, 10 Aug 2011 00:00:00 UTC +00:00], ["title", "The Help"], ["updated_at", Thu, 19 Mar 2015 17:11:22 UTC +00:00]]
  [1m[36m (5.7ms)[0m  [1mcommit transaction[0m
  [1m[35m (0.1ms)[0m  begin transaction
  [1m[36mSQL (0.2ms)[0m  [1mINSERT INTO "movies" ("created_at", "description", "rating", "release_date", "title", "updated_at") VALUES (?, ?, ?, ?, ?, ?)[0m  [["created_at", Thu, 19 Mar 2015 17:11:22 UTC +00:00], ["description", nil], ["rating", "PG-13"], ["release_date", Fri, 05 Jan 2001 00:00:00 UTC +00:00], ["title", "Chocolat"], ["updated_at", Thu, 19 Mar 2015 17:11:22 UTC +00:00]]
  [1m[35m (8.8ms)[0m  commit transaction
  [1m[36m (0.0ms)[0m  [1mbegin transaction[0m
  [1m[35mSQL (0.3ms)[0m  INSERT INTO "movies" ("created_at", "description", "rating", "release_date", "title", "updated_at") VALUES (?, ?, ?, ?, ?, ?)  [["created_at", Thu, 19 Mar 2015 17:11:22 UTC +00:00], ["description", nil], ["rating", "R"], ["release_date", Wed, 25 Apr 2001 00:00:00 UTC +00:00], ["title", "Amelie"], ["updated_at", Thu, 19 Mar 2015 17:11:22 UTC +00:00]]
  [1m[36m (7.5ms)[0m  [1mcommit transaction[0m
  [1m[35m (0.1ms)[0m  begin transaction
  [1m[36mSQL (0.3ms)[0m  [1mINSERT INTO "movies" ("created_at", "description", "rating", "release_date", "title", "updated_at") VALUES (?, ?, ?, ?, ?, ?)[0m  [["created_at", Thu, 19 Mar 2015 17:11:22 UTC +00:00], ["description", nil], ["rating", "G"], ["release_date", Sat, 06 Apr 1968 00:00:00 UTC +00:00], ["title", "2001: A Space Odyssey"], ["updated_at", Thu, 19 Mar 2015 17:11:22 UTC +00:00]]
  [1m[35m (8.7ms)[0m  commit transaction
  [1m[36m (0.1ms)[0m  [1mbegin transaction[0m
  [1m[35mSQL (0.3ms)[0m  INSERT INTO "movies" ("created_at", "description", "rating", "release_date", "title", "updated_at") VALUES (?, ?, ?, ?, ?, ?)  [["created_at", Thu, 19 Mar 2015 17:11:22 UTC +00:00], ["description", nil], ["rating", "PG"], ["release_date", Fri, 05 Nov 2004 00:00:00 UTC +00:00], ["title", "The Incredibles"], ["updated_at", Thu, 19 Mar 2015 17:11:22 UTC +00:00]]
  [1m[36m (8.2ms)[0m  [1mcommit transaction[0m
  [1m[35m (0.1ms)[0m  begin transaction
  [1m[36mSQL (0.3ms)[0m  [1mINSERT INTO "movies" ("created_at", "description", "rating", "release_date", "title", "updated_at") VALUES (?, ?, ?, ?, ?, ?)[0m  [["created_at", Thu, 19 Mar 2015 17:11:22 UTC +00:00], ["description", nil], ["rating", "PG"], ["release_date", Fri, 12 Jun 1981 00:00:00 UTC +00:00], ["title", "Raiders of the Lost Ark"], ["updated_at", Thu, 19 Mar 2015 17:11:22 UTC +00:00]]
  [1m[35m (8.4ms)[0m  commit transaction
  [1m[36m (0.1ms)[0m  [1mbegin transaction[0m
  [1m[35mSQL (0.3ms)[0m  INSERT INTO "movies" ("created_at", "description", "rating", "release_date", "title", "updated_at") VALUES (?, ?, ?, ?, ?, ?)  [["created_at", Thu, 19 Mar 2015 17:11:22 UTC +00:00], ["description", nil], ["rating", "G"], ["release_date", Wed, 21 Jun 2000 00:00:00 UTC +00:00], ["title", "Chicken Run"], ["updated_at", Thu, 19 Mar 2015 17:11:22 UTC +00:00]]
  [1m[36m (9.9ms)[0m  [1mcommit transaction[0m


Started GET "/movies" for 127.0.0.1 at 2015-03-19 14:11:40 -0300
Connecting to database specified by database.yml
Processing by MoviesController#index as HTML
  [1m[36mMovie Load (0.8ms)[0m  [1mSELECT "movies".* FROM "movies" [0m
  Rendered movies/index.html.haml within layouts/application (65.0ms)
Completed 200 OK in 240.4ms (Views: 126.8ms | ActiveRecord: 33.9ms)


Started GET "/assets/application.css?body=1" for 127.0.0.1 at 2015-03-19 14:11:41 -0300
Served asset /application.css - 304 Not Modified (1ms)


Started GET "/assets/jquery_ujs.js?body=1" for 127.0.0.1 at 2015-03-19 14:11:41 -0300
Served asset /jquery_ujs.js - 304 Not Modified (11ms)


Started GET "/assets/jquery.js?body=1" for 127.0.0.1 at 2015-03-19 14:11:41 -0300
Served asset /jquery.js - 304 Not Modified (10ms)


Started GET "/assets/application.js?body=1" for 127.0.0.1 at 2015-03-19 14:11:41 -0300
Served asset /application.js - 304 Not Modified (10ms)
Connecting to database specified by database.yml
  [1m[36m (1.5ms)[0m  [1mSELECT "schema_migrations"."version" FROM "schema_migrations" [0m
  [1m[35m (0.0ms)[0m  begin transaction
  [1m[36mSQL (4.3ms)[0m  [1mINSERT INTO "movies" ("created_at", "description", "rating", "release_date", "title", "updated_at") VALUES (?, ?, ?, ?, ?, ?)[0m  [["created_at", Thu, 19 Mar 2015 17:12:00 UTC +00:00], ["description", nil], ["rating", "G"], ["release_date", Wed, 25 Nov 1992 00:00:00 UTC +00:00], ["title", "Aladdin"], ["updated_at", Thu, 19 Mar 2015 17:12:00 UTC +00:00]]
  [1m[35m (22.3ms)[0m  commit transaction
  [1m[36m (0.1ms)[0m  [1mbegin transaction[0m
  [1m[35mSQL (0.8ms)[0m  INSERT INTO "movies" ("created_at", "description", "rating", "release_date", "title", "updated_at") VALUES (?, ?, ?, ?, ?, ?)  [["created_at", Thu, 19 Mar 2015 17:12:00 UTC +00:00], ["description", nil], ["rating", "R"], ["release_date", Fri, 26 Oct 1984 00:00:00 UTC +00:00], ["title", "The Terminator"], ["updated_at", Thu, 19 Mar 2015 17:12:00 UTC +00:00]]
  [1m[36m (7.7ms)[0m  [1mcommit transaction[0m
  [1m[35m (0.1ms)[0m  begin transaction
  [1m[36mSQL (0.3ms)[0m  [1mINSERT INTO "movies" ("created_at", "description", "rating", "release_date", "title", "updated_at") VALUES (?, ?, ?, ?, ?, ?)[0m  [["created_at", Thu, 19 Mar 2015 17:12:00 UTC +00:00], ["description", nil], ["rating", "R"], ["release_date", Fri, 21 Jul 1989 00:00:00 UTC +00:00], ["title", "When Harry Met Sally"], ["updated_at", Thu, 19 Mar 2015 17:12:00 UTC +00:00]]
  [1m[35m (8.2ms)[0m  commit transaction
  [1m[36m (0.1ms)[0m  [1mbegin transaction[0m
  [1m[35mSQL (0.3ms)[0m  INSERT INTO "movies" ("created_at", "description", "rating", "release_date", "title", "updated_at") VALUES (?, ?, ?, ?, ?, ?)  [["created_at", Thu, 19 Mar 2015 17:12:00 UTC +00:00], ["description", nil], ["rating", "PG-13"], ["release_date", Wed, 10 Aug 2011 00:00:00 UTC +00:00], ["title", "The Help"], ["updated_at", Thu, 19 Mar 2015 17:12:00 UTC +00:00]]
  [1m[36m (9.0ms)[0m  [1mcommit transaction[0m
  [1m[35m (0.1ms)[0m  begin transaction
  [1m[36mSQL (0.3ms)[0m  [1mINSERT INTO "movies" ("created_at", "description", "rating", "release_date", "title", "updated_at") VALUES (?, ?, ?, ?, ?, ?)[0m  [["created_at", Thu, 19 Mar 2015 17:12:00 UTC +00:00], ["description", nil], ["rating", "PG-13"], ["release_date", Fri, 05 Jan 2001 00:00:00 UTC +00:00], ["title", "Chocolat"], ["updated_at", Thu, 19 Mar 2015 17:12:00 UTC +00:00]]
  [1m[35m (7.2ms)[0m  commit transaction
  [1m[36m (0.1ms)[0m  [1mbegin transaction[0m
  [1m[35mSQL (0.3ms)[0m  INSERT INTO "movies" ("created_at", "description", "rating", "release_date", "title", "updated_at") VALUES (?, ?, ?, ?, ?, ?)  [["created_at", Thu, 19 Mar 2015 17:12:00 UTC +00:00], ["description", nil], ["rating", "R"], ["release_date", Wed, 25 Apr 2001 00:00:00 UTC +00:00], ["title", "Amelie"], ["updated_at", Thu, 19 Mar 2015 17:12:00 UTC +00:00]]
  [1m[36m (7.7ms)[0m  [1mcommit transaction[0m
  [1m[35m (0.1ms)[0m  begin transaction
  [1m[36mSQL (0.3ms)[0m  [1mINSERT INTO "movies" ("created_at", "description", "rating", "release_date", "title", "updated_at") VALUES (?, ?, ?, ?, ?, ?)[0m  [["created_at", Thu, 19 Mar 2015 17:12:00 UTC +00:00], ["description", nil], ["rating", "G"], ["release_date", Sat, 06 Apr 1968 00:00:00 UTC +00:00], ["title", "2001: A Space Odyssey"], ["updated_at", Thu, 19 Mar 2015 17:12:00 UTC +00:00]]
  [1m[35m (8.4ms)[0m  commit transaction
  [1m[36m (0.1ms)[0m  [1mbegin transaction[0m
  [1m[35mSQL (0.3ms)[0m  INSERT INTO "movies" ("created_at", "description", "rating", "release_date", "title", "updated_at") VALUES (?, ?, ?, ?, ?, ?)  [["created_at", Thu, 19 Mar 2015 17:12:00 UTC +00:00], ["description", nil], ["rating", "PG"], ["release_date", Fri, 05 Nov 2004 00:00:00 UTC +00:00], ["title", "The Incredibles"], ["updated_at", Thu, 19 Mar 2015 17:12:00 UTC +00:00]]
  [1m[36m (7.4ms)[0m  [1mcommit transaction[0m
  [1m[35m (0.0ms)[0m  begin transaction
  [1m[36mSQL (0.3ms)[0m  [1mINSERT INTO "movies" ("created_at", "description", "rating", "release_date", "title", "updated_at") VALUES (?, ?, ?, ?, ?, ?)[0m  [["created_at", Thu, 19 Mar 2015 17:12:00 UTC +00:00], ["description", nil], ["rating", "PG"], ["release_date", Fri, 12 Jun 1981 00:00:00 UTC +00:00], ["title", "Raiders of the Lost Ark"], ["updated_at", Thu, 19 Mar 2015 17:12:00 UTC +00:00]]
  [1m[35m (8.4ms)[0m  commit transaction
  [1m[36m (0.1ms)[0m  [1mbegin transaction[0m
  [1m[35mSQL (0.3ms)[0m  INSERT INTO "movies" ("created_at", "description", "rating", "release_date", "title", "updated_at") VALUES (?, ?, ?, ?, ?, ?)  [["created_at", Thu, 19 Mar 2015 17:12:00 UTC +00:00], ["description", nil], ["rating", "G"], ["release_date", Wed, 21 Jun 2000 00:00:00 UTC +00:00], ["title", "Chicken Run"], ["updated_at", Thu, 19 Mar 2015 17:12:00 UTC +00:00]]
  [1m[36m (7.4ms)[0m  [1mcommit transaction[0m


Started GET "/movies" for 127.0.0.1 at 2015-03-19 14:12:08 -0300
Connecting to database specified by database.yml
Processing by MoviesController#index as HTML
  [1m[36mMovie Load (0.3ms)[0m  [1mSELECT "movies".* FROM "movies" [0m
  Rendered movies/index.html.haml within layouts/application (43.8ms)
Completed 200 OK in 153.5ms (Views: 69.0ms | ActiveRecord: 26.9ms)


Started GET "/assets/application.css?body=1" for 127.0.0.1 at 2015-03-19 14:12:08 -0300
Served asset /application.css - 304 Not Modified (1ms)


Started GET "/assets/application.js?body=1" for 127.0.0.1 at 2015-03-19 14:12:09 -0300
Served asset /application.js - 304 Not Modified (17ms)


Started GET "/assets/jquery_ujs.js?body=1" for 127.0.0.1 at 2015-03-19 14:12:09 -0300
Served asset /jquery_ujs.js - 304 Not Modified (1ms)


Started GET "/assets/jquery.js?body=1" for 127.0.0.1 at 2015-03-19 14:12:09 -0300
Served asset /jquery.js - 304 Not Modified (2ms)


Started GET "/assets/rails.png" for 127.0.0.1 at 2015-03-19 14:30:41 -0300
Connecting to database specified by database.yml
Served asset /rails.png - 304 Not Modified (42ms)


Started GET "/" for 127.0.0.1 at 2015-03-19 14:39:58 -0300
Connecting to database specified by database.yml
Processing by MoviesController#index as HTML
  [1m[36mMovie Load (0.4ms)[0m  [1mSELECT "movies".* FROM "movies" [0m
  Rendered movies/index.html.haml within layouts/application (49.0ms)
Completed 200 OK in 179.1ms (Views: 82.8ms | ActiveRecord: 28.9ms)


Started GET "/assets/application.css?body=1" for 127.0.0.1 at 2015-03-19 14:39:59 -0300
Served asset /application.css - 304 Not Modified (11ms)


Started GET "/assets/application.js?body=1" for 127.0.0.1 at 2015-03-19 14:39:59 -0300
Served asset /application.js - 304 Not Modified (12ms)


Started GET "/assets/jquery_ujs.js?body=1" for 127.0.0.1 at 2015-03-19 14:40:00 -0300
Served asset /jquery_ujs.js - 304 Not Modified (9ms)


Started GET "/assets/jquery.js?body=1" for 127.0.0.1 at 2015-03-19 14:40:00 -0300
Served asset /jquery.js - 304 Not Modified (72ms)


Started GET "/" for 127.0.0.1 at 2015-03-19 14:44:49 -0300
Connecting to database specified by database.yml
Processing by MoviesController#index as HTML
  [1m[36mMovie Load (0.3ms)[0m  [1mSELECT "movies".* FROM "movies" [0m
  Rendered movies/index.html.haml within layouts/application (42.8ms)
Completed 200 OK in 179.9ms (Views: 70.9ms | ActiveRecord: 33.9ms)


Started GET "/assets/application.css?body=1" for 127.0.0.1 at 2015-03-19 14:44:50 -0300
Served asset /application.css - 304 Not Modified (13ms)


Started GET "/assets/jquery.js?body=1" for 127.0.0.1 at 2015-03-19 14:44:50 -0300
Served asset /jquery.js - 304 Not Modified (11ms)


Started GET "/assets/application.js?body=1" for 127.0.0.1 at 2015-03-19 14:44:50 -0300
Served asset /application.js - 304 Not Modified (14ms)


Started GET "/assets/jquery_ujs.js?body=1" for 127.0.0.1 at 2015-03-19 14:44:50 -0300
Served asset /jquery_ujs.js - 304 Not Modified (80ms)
